TN:
SF:src/presentation/helpers/http-response.js
FN:3,badRequest
FN:10,internalServerError
FNF:2
FNH:2
FNDA:2,badRequest
FNDA:2,internalServerError
DA:1,1
DA:2,1
DA:3,1
DA:4,2
DA:5,2
DA:6,2
DA:7,2
DA:8,2
DA:9,1
DA:10,1
DA:11,2
DA:12,2
DA:13,2
DA:14,2
DA:15,1
LF:15
LH:15
BRDA:3,0,0,2
BRDA:10,1,0,2
BRF:2
BRH:2
end_of_record
TN:
SF:src/presentation/helpers/missing-param-error.js
FN:2,MissingParamError
FNF:1
FNH:1
FNDA:4,MissingParamError
DA:1,1
DA:2,1
DA:3,4
DA:4,4
DA:5,4
DA:6,1
LF:6
LH:6
BRDA:2,0,0,4
BRF:1
BRH:1
end_of_record
TN:
SF:src/presentation/routers/login-router.js
FN:3,route
FNF:1
FNH:1
FNDA:4,route
DA:1,1
DA:2,1
DA:3,1
DA:4,4
DA:5,2
DA:6,2
DA:7,2
DA:8,4
DA:9,1
DA:10,1
DA:11,1
DA:12,1
DA:13,1
DA:14,1
DA:15,4
DA:16,4
DA:17,1
LF:17
LH:17
BRDA:3,0,0,4
BRDA:4,1,0,3
BRDA:4,2,0,2
BRDA:8,3,0,1
BRF:4
BRH:4
end_of_record
